<?xml version="1.0" encoding="UTF-8"?>
<!-- Generated by org.testng.reporters.JUnitXMLReporter -->
<testsuite ignored="1" hostname="Heba" failures="0" tests="3" name="Basic CRUD" time="0.81" errors="0" timestamp="2023-11-14T20:29:27 EET">
  <testcase classname="dataBaseProj.dataBaseCon" name="AddNewData" time="0.023"/>
  <testcase classname="dataBaseProj.dataBaseCon" name="UpdateCutomerNumber" time="0.01"/>
  <testcase classname="dataBaseProj.dataBaseCon" name="SelectData" time="0.074"/>
  <testcase classname="dataBaseProj.dataBaseCon" name="DeleteUser" time="0.0">
    <ignored/>
  </testcase> <!-- DeleteUser -->
</testsuite> <!-- Basic CRUD -->
