<?xml version="1.0" encoding="UTF-8"?>
<!-- Generated by org.testng.reporters.JUnitXMLReporter -->
<testsuite ignored="0" hostname="Heba" failures="0" tests="4" name="Default test" time="0.801" errors="0" timestamp="2023-11-14T20:32:35 EET">
  <testcase classname="dataBaseProj.dataBaseCon" name="AddNewData" time="0.022"/>
  <testcase classname="dataBaseProj.dataBaseCon" name="UpdateCutomerNumber" time="0.011"/>
  <testcase classname="dataBaseProj.dataBaseCon" name="SelectData" time="0.065"/>
  <testcase classname="dataBaseProj.dataBaseCon" name="DeleteUser" time="0.006"/>
</testsuite> <!-- Default test -->
